<?xml version="1.0" encoding="UTF-8"?>
<!-- Generated by org.testng.reporters.JUnitReportReporter -->
<testsuite hostname="DESKTOP-MISCGQ4" failures="0" tests="5" name="selenium.testdemo.AllocationsUITest" time="20.831" errors="0" timestamp="07 Dec 2019 11:26:37 GMT" skipped="0">
  <testcase classname="selenium.testdemo.AllocationsUITest" name="oepnUrl" time="4.217"/>
  <testcase classname="selenium.testdemo.AllocationsUITest" name="login" time="4.085"/>
  <testcase classname="selenium.testdemo.AllocationsUITest" name="clickMenu" time="3.128"/>
  <testcase classname="selenium.testdemo.AllocationsUITest" name="findTheTask" time="9.289"/>
  <testcase classname="selenium.testdemo.AllocationsUITest" name="confirmTheTask" time="0.112"/>
</testsuite> <!-- selenium.testdemo.AllocationsUITest -->
