<?xml version="1.0" encoding="UTF-8"?>
<!-- Generated by org.testng.reporters.JUnitReportReporter -->
<testsuite hostname="DESKTOP-MISCGQ4" failures="0" tests="2" name="selenium.testdemo.AllocationsAPITest" time="3.351" errors="0" timestamp="07 Dec 2019 11:49:22 GMT" skipped="0">
  <testcase classname="selenium.testdemo.AllocationsAPITest" name="login" time="2.032"/>
  <testcase classname="selenium.testdemo.AllocationsAPITest" name="confirmTask" time="1.319"/>
</testsuite> <!-- selenium.testdemo.AllocationsAPITest -->
